# JRE version: OpenJDK Runtime Environment Temurin-17.0.11+9 (17.0.11+9) (build 17.0.11+9)
# Java VM: OpenJDK 64-Bit Server VM Temurin-17.0.11+9 (17.0.11+9, mixed mode, emulated-client, tiered, compressed oops, compressed class ptrs, g1 gc, windows-amd64)
GC Precious Log:
 CPUs: 8 total, 8 available
 Memory: 7907M
 Large Page Support: Disabled
 NUMA Support: Disabled
 Compressed Oops: Enabled (32-bit)
 Heap Region Size: 1M
 Heap Min Capacity: 8M
 Heap Initial Capacity: 124M
 Heap Max Capacity: 1G
 Pre-touch: Disabled
 Parallel Workers: 8
 Concurrent Workers: 2
 Concurrent Refinement Workers: 8
 Periodic GC: Disabled
Heap:
 garbage-first heap   total 86016K, used 25379K [0x00000000c0000000, 0x0000000100000000)
  region size 1024K, 1 young (1024K), 0 survivors (0K)
 Metaspace       used 40883K, committed 41408K, reserved 1114112K
  class space    used 5214K, committed 5440K, reserved 1048576K
GC Heap History (20 events):
Event: 1141.203 GC heap before
{Heap before GC invocations=116 (full 108):
 garbage-first heap   total 86016K, used 25379K [0x00000000c0000000, 0x0000000100000000)
  region size 1024K, 1 young (1024K), 0 survivors (0K)
 Metaspace       used 40883K, committed 41408K, reserved 1114112K
  class space    used 5214K, committed 5440K, reserved 1048576K
}
Event: 1141.219 GC heap after
{Heap after GC invocations=117 (full 109):
 garbage-first heap   total 86016K, used 25379K [0x00000000c0000000, 0x0000000100000000)
  region size 1024K, 0 young (0K), 0 survivors (0K)
 Metaspace       used 40883K, committed 41408K, reserved 1114112K
  class space    used 5214K, committed 5440K, reserved 1048576K
}
Event: 1151.374 GC heap before
{Heap before GC invocations=117 (full 109):
 garbage-first heap   total 86016K, used 25379K [0x00000000c0000000, 0x0000000100000000)
  region size 1024K, 1 young (1024K), 0 survivors (0K)
 Metaspace       used 40883K, committed 41408K, reserved 1114112K
  class space    used 5214K, committed 5440K, reserved 1048576K
}
Event: 1151.388 GC heap after
{Heap after GC invocations=118 (full 110):
 garbage-first heap   total 86016K, used 25379K [0x00000000c0000000, 0x0000000100000000)
  region size 1024K, 0 young (0K), 0 survivors (0K)
 Metaspace       used 40883K, committed 41408K, reserved 1114112K
  class space    used 5214K, committed 5440K, reserved 1048576K
}
Event: 1161.589 GC heap before
{Heap before GC invocations=118 (full 110):
 garbage-first heap   total 86016K, used 25379K [0x00000000c0000000, 0x0000000100000000)
  region size 1024K, 1 young (1024K), 0 survivors (0K)
 Metaspace       used 40883K, committed 41408K, reserved 1114112K
  class space    used 5214K, committed 5440K, reserved 1048576K
}
Event: 1161.607 GC heap after
{Heap after GC invocations=119 (full 111):
 garbage-first heap   total 86016K, used 25379K [0x00000000c0000000, 0x0000000100000000)
  region size 1024K, 0 young (0K), 0 survivors (0K)
 Metaspace       used 40883K, committed 41408K, reserved 1114112K
  class space    used 5214K, committed 5440K, reserved 1048576K
}
Event: 1171.768 GC heap before
{Heap before GC invocations=119 (full 111):
 garbage-first heap   total 86016K, used 25379K [0x00000000c0000000, 0x0000000100000000)
  region size 1024K, 1 young (1024K), 0 survivors (0K)
 Metaspace       used 40883K, committed 41408K, reserved 1114112K
  class space    used 5214K, committed 5440K, reserved 1048576K
}
Event: 1171.781 GC heap after
{Heap after GC invocations=120 (full 112):
 garbage-first heap   total 86016K, used 25379K [0x00000000c0000000, 0x0000000100000000)
  region size 1024K, 0 young (0K), 0 survivors (0K)
 Metaspace       used 40883K, committed 41408K, reserved 1114112K
  class space    used 5214K, committed 5440K, reserved 1048576K
}
Event: 1181.953 GC heap before
{Heap before GC invocations=120 (full 112):
 garbage-first heap   total 86016K, used 25379K [0x00000000c0000000, 0x0000000100000000)
  region size 1024K, 1 young (1024K), 0 survivors (0K)
 Metaspace       used 40883K, committed 41408K, reserved 1114112K
  class space    used 5214K, committed 5440K, reserved 1048576K
}
Event: 1181.968 GC heap after
{Heap after GC invocations=121 (full 113):
 garbage-first heap   total 86016K, used 25379K [0x00000000c0000000, 0x0000000100000000)
  region size 1024K, 0 young (0K), 0 survivors (0K)
 Metaspace       used 40883K, committed 41408K, reserved 1114112K
  class space    used 5214K, committed 5440K, reserved 1048576K
}
Event: 1192.126 GC heap before
{Heap before GC invocations=121 (full 113):
 garbage-first heap   total 86016K, used 25379K [0x00000000c0000000, 0x0000000100000000)
  region size 1024K, 1 young (1024K), 0 survivors (0K)
 Metaspace       used 40883K, committed 41408K, reserved 1114112K
  class space    used 5214K, committed 5440K, reserved 1048576K
}
Event: 1192.140 GC heap after
{Heap after GC invocations=122 (full 114):
 garbage-first heap   total 86016K, used 25379K [0x00000000c0000000, 0x0000000100000000)
  region size 1024K, 0 young (0K), 0 survivors (0K)
 Metaspace       used 40883K, committed 41408K, reserved 1114112K
  class space    used 5214K, committed 5440K, reserved 1048576K
}
Event: 1202.318 GC heap before
{Heap before GC invocations=122 (full 114):
 garbage-first heap   total 86016K, used 25379K [0x00000000c0000000, 0x0000000100000000)
  region size 1024K, 1 young (1024K), 0 survivors (0K)
 Metaspace       used 40883K, committed 41408K, reserved 1114112K
  class space    used 5214K, committed 5440K, reserved 1048576K
}
Event: 1202.334 GC heap after
{Heap after GC invocations=123 (full 115):
 garbage-first heap   total 86016K, used 25379K [0x00000000c0000000, 0x0000000100000000)
  region size 1024K, 0 young (0K), 0 survivors (0K)
 Metaspace       used 40883K, committed 41408K, reserved 1114112K
  class space    used 5214K, committed 5440K, reserved 1048576K
}
Event: 1212.501 GC heap before
{Heap before GC invocations=123 (full 115):
 garbage-first heap   total 86016K, used 25379K [0x00000000c0000000, 0x0000000100000000)
  region size 1024K, 1 young (1024K), 0 survivors (0K)
 Metaspace       used 40883K, committed 41408K, reserved 1114112K
  class space    used 5214K, committed 5440K, reserved 1048576K
}
Event: 1212.515 GC heap after
{Heap after GC invocations=124 (full 116):
 garbage-first heap   total 86016K, used 25379K [0x00000000c0000000, 0x0000000100000000)
  region size 1024K, 0 young (0K), 0 survivors (0K)
 Metaspace       used 40883K, committed 41408K, reserved 1114112K
  class space    used 5214K, committed 5440K, reserved 1048576K
}
Event: 1222.666 GC heap before
{Heap before GC invocations=124 (full 116):
 garbage-first heap   total 86016K, used 25379K [0x00000000c0000000, 0x0000000100000000)
  region size 1024K, 1 young (1024K), 0 survivors (0K)
 Metaspace       used 40883K, committed 41408K, reserved 1114112K
  class space    used 5214K, committed 5440K, reserved 1048576K
}
Event: 1222.683 GC heap after
{Heap after GC invocations=125 (full 117):
 garbage-first heap   total 86016K, used 25379K [0x00000000c0000000, 0x0000000100000000)
  region size 1024K, 0 young (0K), 0 survivors (0K)
 Metaspace       used 40883K, committed 41408K, reserved 1114112K
  class space    used 5214K, committed 5440K, reserved 1048576K
}
Event: 1232.854 GC heap before
{Heap before GC invocations=125 (full 117):
 garbage-first heap   total 86016K, used 25379K [0x00000000c0000000, 0x0000000100000000)
  region size 1024K, 1 young (1024K), 0 survivors (0K)
 Metaspace       used 40883K, committed 41408K, reserved 1114112K
  class space    used 5214K, committed 5440K, reserved 1048576K
}
Event: 1232.875 GC heap after
{Heap after GC invocations=126 (full 118):
 garbage-first heap   total 86016K, used 25379K [0x00000000c0000000, 0x0000000100000000)
  region size 1024K, 0 young (0K), 0 survivors (0K)
 Metaspace       used 40883K, committed 41408K, reserved 1114112K
  class space    used 5214K, committed 5440K, reserved 1048576K
}

