# JRE version: OpenJDK Runtime Environment Temurin-17.0.11+9 (17.0.11+9) (build 17.0.11+9)
# Java VM: OpenJDK 64-Bit Server VM Temurin-17.0.11+9 (17.0.11+9, mixed mode, emulated-client, tiered, compressed oops, compressed class ptrs, g1 gc, windows-amd64)
GC Precious Log:
 CPUs: 8 total, 8 available
 Memory: 7907M
 Large Page Support: Disabled
 NUMA Support: Disabled
 Compressed Oops: Enabled (32-bit)
 Heap Region Size: 1M
 Heap Min Capacity: 8M
 Heap Initial Capacity: 124M
 Heap Max Capacity: 1G
 Pre-touch: Disabled
 Parallel Workers: 8
 Concurrent Workers: 2
 Concurrent Refinement Workers: 8
 Periodic GC: Disabled
Heap:
 garbage-first heap   total 137216K, used 39932K [0x00000000c0000000, 0x0000000100000000)
  region size 1024K, 1 young (1024K), 0 survivors (0K)
 Metaspace       used 61279K, committed 61760K, reserved 1114112K
  class space    used 7448K, committed 7680K, reserved 1048576K
GC Heap History (20 events):
Event: 1963.599 GC heap before
{Heap before GC invocations=182 (full 151):
 garbage-first heap   total 137216K, used 39932K [0x00000000c0000000, 0x0000000100000000)
  region size 1024K, 1 young (1024K), 0 survivors (0K)
 Metaspace       used 61279K, committed 61760K, reserved 1114112K
  class space    used 7448K, committed 7680K, reserved 1048576K
}
Event: 1963.618 GC heap after
{Heap after GC invocations=183 (full 152):
 garbage-first heap   total 137216K, used 39932K [0x00000000c0000000, 0x0000000100000000)
  region size 1024K, 0 young (0K), 0 survivors (0K)
 Metaspace       used 61279K, committed 61760K, reserved 1114112K
  class space    used 7448K, committed 7680K, reserved 1048576K
}
Event: 1973.787 GC heap before
{Heap before GC invocations=183 (full 152):
 garbage-first heap   total 137216K, used 39932K [0x00000000c0000000, 0x0000000100000000)
  region size 1024K, 1 young (1024K), 0 survivors (0K)
 Metaspace       used 61279K, committed 61760K, reserved 1114112K
  class space    used 7448K, committed 7680K, reserved 1048576K
}
Event: 1973.807 GC heap after
{Heap after GC invocations=184 (full 153):
 garbage-first heap   total 137216K, used 39932K [0x00000000c0000000, 0x0000000100000000)
  region size 1024K, 0 young (0K), 0 survivors (0K)
 Metaspace       used 61279K, committed 61760K, reserved 1114112K
  class space    used 7448K, committed 7680K, reserved 1048576K
}
Event: 1983.965 GC heap before
{Heap before GC invocations=184 (full 153):
 garbage-first heap   total 137216K, used 39932K [0x00000000c0000000, 0x0000000100000000)
  region size 1024K, 1 young (1024K), 0 survivors (0K)
 Metaspace       used 61279K, committed 61760K, reserved 1114112K
  class space    used 7448K, committed 7680K, reserved 1048576K
}
Event: 1983.984 GC heap after
{Heap after GC invocations=185 (full 154):
 garbage-first heap   total 137216K, used 39932K [0x00000000c0000000, 0x0000000100000000)
  region size 1024K, 0 young (0K), 0 survivors (0K)
 Metaspace       used 61279K, committed 61760K, reserved 1114112K
  class space    used 7448K, committed 7680K, reserved 1048576K
}
Event: 1994.136 GC heap before
{Heap before GC invocations=185 (full 154):
 garbage-first heap   total 137216K, used 39932K [0x00000000c0000000, 0x0000000100000000)
  region size 1024K, 1 young (1024K), 0 survivors (0K)
 Metaspace       used 61279K, committed 61760K, reserved 1114112K
  class space    used 7448K, committed 7680K, reserved 1048576K
}
Event: 1994.154 GC heap after
{Heap after GC invocations=186 (full 155):
 garbage-first heap   total 137216K, used 39932K [0x00000000c0000000, 0x0000000100000000)
  region size 1024K, 0 young (0K), 0 survivors (0K)
 Metaspace       used 61279K, committed 61760K, reserved 1114112K
  class space    used 7448K, committed 7680K, reserved 1048576K
}
Event: 2004.305 GC heap before
{Heap before GC invocations=186 (full 155):
 garbage-first heap   total 137216K, used 39932K [0x00000000c0000000, 0x0000000100000000)
  region size 1024K, 1 young (1024K), 0 survivors (0K)
 Metaspace       used 61279K, committed 61760K, reserved 1114112K
  class space    used 7448K, committed 7680K, reserved 1048576K
}
Event: 2004.327 GC heap after
{Heap after GC invocations=187 (full 156):
 garbage-first heap   total 137216K, used 39932K [0x00000000c0000000, 0x0000000100000000)
  region size 1024K, 0 young (0K), 0 survivors (0K)
 Metaspace       used 61279K, committed 61760K, reserved 1114112K
  class space    used 7448K, committed 7680K, reserved 1048576K
}
Event: 2014.476 GC heap before
{Heap before GC invocations=187 (full 156):
 garbage-first heap   total 137216K, used 39932K [0x00000000c0000000, 0x0000000100000000)
  region size 1024K, 1 young (1024K), 0 survivors (0K)
 Metaspace       used 61279K, committed 61760K, reserved 1114112K
  class space    used 7448K, committed 7680K, reserved 1048576K
}
Event: 2014.494 GC heap after
{Heap after GC invocations=188 (full 157):
 garbage-first heap   total 137216K, used 39932K [0x00000000c0000000, 0x0000000100000000)
  region size 1024K, 0 young (0K), 0 survivors (0K)
 Metaspace       used 61279K, committed 61760K, reserved 1114112K
  class space    used 7448K, committed 7680K, reserved 1048576K
}
Event: 2024.650 GC heap before
{Heap before GC invocations=188 (full 157):
 garbage-first heap   total 137216K, used 39932K [0x00000000c0000000, 0x0000000100000000)
  region size 1024K, 1 young (1024K), 0 survivors (0K)
 Metaspace       used 61279K, committed 61760K, reserved 1114112K
  class space    used 7448K, committed 7680K, reserved 1048576K
}
Event: 2024.671 GC heap after
{Heap after GC invocations=189 (full 158):
 garbage-first heap   total 137216K, used 39932K [0x00000000c0000000, 0x0000000100000000)
  region size 1024K, 0 young (0K), 0 survivors (0K)
 Metaspace       used 61279K, committed 61760K, reserved 1114112K
  class space    used 7448K, committed 7680K, reserved 1048576K
}
Event: 2034.836 GC heap before
{Heap before GC invocations=189 (full 158):
 garbage-first heap   total 137216K, used 39932K [0x00000000c0000000, 0x0000000100000000)
  region size 1024K, 1 young (1024K), 0 survivors (0K)
 Metaspace       used 61279K, committed 61760K, reserved 1114112K
  class space    used 7448K, committed 7680K, reserved 1048576K
}
Event: 2034.855 GC heap after
{Heap after GC invocations=190 (full 159):
 garbage-first heap   total 137216K, used 39932K [0x00000000c0000000, 0x0000000100000000)
  region size 1024K, 0 young (0K), 0 survivors (0K)
 Metaspace       used 61279K, committed 61760K, reserved 1114112K
  class space    used 7448K, committed 7680K, reserved 1048576K
}
Event: 2044.999 GC heap before
{Heap before GC invocations=190 (full 159):
 garbage-first heap   total 137216K, used 39932K [0x00000000c0000000, 0x0000000100000000)
  region size 1024K, 1 young (1024K), 0 survivors (0K)
 Metaspace       used 61279K, committed 61760K, reserved 1114112K
  class space    used 7448K, committed 7680K, reserved 1048576K
}
Event: 2045.017 GC heap after
{Heap after GC invocations=191 (full 160):
 garbage-first heap   total 137216K, used 39932K [0x00000000c0000000, 0x0000000100000000)
  region size 1024K, 0 young (0K), 0 survivors (0K)
 Metaspace       used 61279K, committed 61760K, reserved 1114112K
  class space    used 7448K, committed 7680K, reserved 1048576K
}
Event: 2055.181 GC heap before
{Heap before GC invocations=191 (full 160):
 garbage-first heap   total 137216K, used 39932K [0x00000000c0000000, 0x0000000100000000)
  region size 1024K, 1 young (1024K), 0 survivors (0K)
 Metaspace       used 61279K, committed 61760K, reserved 1114112K
  class space    used 7448K, committed 7680K, reserved 1048576K
}
Event: 2055.202 GC heap after
{Heap after GC invocations=192 (full 161):
 garbage-first heap   total 137216K, used 39932K [0x00000000c0000000, 0x0000000100000000)
  region size 1024K, 0 young (0K), 0 survivors (0K)
 Metaspace       used 61279K, committed 61760K, reserved 1114112K
  class space    used 7448K, committed 7680K, reserved 1048576K
}

