# JRE version: OpenJDK Runtime Environment Temurin-17.0.11+9 (17.0.11+9) (build 17.0.11+9)
# Java VM: OpenJDK 64-Bit Server VM Temurin-17.0.11+9 (17.0.11+9, mixed mode, emulated-client, tiered, compressed oops, compressed class ptrs, g1 gc, windows-amd64)
GC Precious Log:
 CPUs: 8 total, 8 available
 Memory: 7907M
 Large Page Support: Disabled
 NUMA Support: Disabled
 Compressed Oops: Enabled (32-bit)
 Heap Region Size: 1M
 Heap Min Capacity: 8M
 Heap Initial Capacity: 124M
 Heap Max Capacity: 1G
 Pre-touch: Disabled
 Parallel Workers: 8
 Concurrent Workers: 2
 Concurrent Refinement Workers: 8
 Periodic GC: Disabled
Heap:
 garbage-first heap   total 75776K, used 25371K [0x00000000c0000000, 0x0000000100000000)
  region size 1024K, 1 young (1024K), 0 survivors (0K)
 Metaspace       used 40882K, committed 41408K, reserved 1114112K
  class space    used 5214K, committed 5440K, reserved 1048576K
GC Heap History (20 events):
Event: 0.870 GC heap before
{Heap before GC invocations=1 (full 0):
 garbage-first heap   total 126976K, used 38522K [0x00000000c0000000, 0x0000000100000000)
  region size 1024K, 25 young (25600K), 3 survivors (3072K)
 Metaspace       used 13594K, committed 13824K, reserved 1114112K
  class space    used 1676K, committed 1792K, reserved 1048576K
}
Event: 0.873 GC heap after
{Heap after GC invocations=2 (full 0):
 garbage-first heap   total 126976K, used 17666K [0x00000000c0000000, 0x0000000100000000)
  region size 1024K, 2 young (2048K), 2 survivors (2048K)
 Metaspace       used 13594K, committed 13824K, reserved 1114112K
  class space    used 1676K, committed 1792K, reserved 1048576K
}
Event: 1.206 GC heap before
{Heap before GC invocations=2 (full 0):
 garbage-first heap   total 126976K, used 52482K [0x00000000c0000000, 0x0000000100000000)
  region size 1024K, 37 young (37888K), 2 survivors (2048K)
 Metaspace       used 21308K, committed 21504K, reserved 1114112K
  class space    used 2627K, committed 2752K, reserved 1048576K
}
Event: 1.210 GC heap after
{Heap after GC invocations=3 (full 0):
 garbage-first heap   total 126976K, used 20900K [0x00000000c0000000, 0x0000000100000000)
  region size 1024K, 5 young (5120K), 5 survivors (5120K)
 Metaspace       used 21308K, committed 21504K, reserved 1114112K
  class space    used 2627K, committed 2752K, reserved 1048576K
}
Event: 1.593 GC heap before
{Heap before GC invocations=4 (full 0):
 garbage-first heap   total 75776K, used 57764K [0x00000000c0000000, 0x0000000100000000)
  region size 1024K, 42 young (43008K), 5 survivors (5120K)
 Metaspace       used 27739K, committed 27968K, reserved 1114112K
  class space    used 3467K, committed 3584K, reserved 1048576K
}
Event: 1.599 GC heap after
{Heap after GC invocations=5 (full 0):
 garbage-first heap   total 75776K, used 23950K [0x00000000c0000000, 0x0000000100000000)
  region size 1024K, 4 young (4096K), 4 survivors (4096K)
 Metaspace       used 27739K, committed 27968K, reserved 1114112K
  class space    used 3467K, committed 3584K, reserved 1048576K
}
Event: 2.141 GC heap before
{Heap before GC invocations=5 (full 0):
 garbage-first heap   total 75776K, used 49550K [0x00000000c0000000, 0x0000000100000000)
  region size 1024K, 29 young (29696K), 4 survivors (4096K)
 Metaspace       used 31687K, committed 32064K, reserved 1114112K
  class space    used 4014K, committed 4224K, reserved 1048576K
}
Event: 2.147 GC heap after
{Heap after GC invocations=6 (full 0):
 garbage-first heap   total 75776K, used 25896K [0x00000000c0000000, 0x0000000100000000)
  region size 1024K, 2 young (2048K), 2 survivors (2048K)
 Metaspace       used 31687K, committed 32064K, reserved 1114112K
  class space    used 4014K, committed 4224K, reserved 1048576K
}
Event: 2.428 GC heap before
{Heap before GC invocations=6 (full 0):
 garbage-first heap   total 75776K, used 53544K [0x00000000c0000000, 0x0000000100000000)
  region size 1024K, 28 young (28672K), 2 survivors (2048K)
 Metaspace       used 35645K, committed 36032K, reserved 1114112K
  class space    used 4397K, committed 4608K, reserved 1048576K
}
Event: 2.434 GC heap after
{Heap after GC invocations=7 (full 0):
 garbage-first heap   total 75776K, used 28967K [0x00000000c0000000, 0x0000000100000000)
  region size 1024K, 4 young (4096K), 4 survivors (4096K)
 Metaspace       used 35645K, committed 36032K, reserved 1114112K
  class space    used 4397K, committed 4608K, reserved 1048576K
}
Event: 2.467 GC heap before
{Heap before GC invocations=7 (full 0):
 garbage-first heap   total 75776K, used 29991K [0x00000000c0000000, 0x0000000100000000)
  region size 1024K, 6 young (6144K), 4 survivors (4096K)
 Metaspace       used 35949K, committed 36288K, reserved 1114112K
  class space    used 4431K, committed 4608K, reserved 1048576K
}
Event: 2.471 GC heap after
{Heap after GC invocations=8 (full 0):
 garbage-first heap   total 75776K, used 29727K [0x00000000c0000000, 0x0000000100000000)
  region size 1024K, 1 young (1024K), 1 survivors (1024K)
 Metaspace       used 35949K, committed 36288K, reserved 1114112K
  class space    used 4431K, committed 4608K, reserved 1048576K
}
Event: 2.836 GC heap before
{Heap before GC invocations=9 (full 0):
 garbage-first heap   total 75776K, used 55327K [0x00000000c0000000, 0x0000000100000000)
  region size 1024K, 26 young (26624K), 1 survivors (1024K)
 Metaspace       used 40271K, committed 40704K, reserved 1114112K
  class space    used 5093K, committed 5312K, reserved 1048576K
}
Event: 2.838 GC heap after
{Heap after GC invocations=10 (full 0):
 garbage-first heap   total 75776K, used 31304K [0x00000000c0000000, 0x0000000100000000)
  region size 1024K, 3 young (3072K), 3 survivors (3072K)
 Metaspace       used 40271K, committed 40704K, reserved 1114112K
  class space    used 5093K, committed 5312K, reserved 1048576K
}
Event: 42.842 GC heap before
{Heap before GC invocations=10 (full 0):
 garbage-first heap   total 75776K, used 36424K [0x00000000c0000000, 0x0000000100000000)
  region size 1024K, 9 young (9216K), 3 survivors (3072K)
 Metaspace       used 41034K, committed 41408K, reserved 1114112K
  class space    used 5252K, committed 5440K, reserved 1048576K
}
Event: 42.854 GC heap after
{Heap after GC invocations=11 (full 1):
 garbage-first heap   total 75776K, used 29050K [0x00000000c0000000, 0x0000000100000000)
  region size 1024K, 0 young (0K), 0 survivors (0K)
 Metaspace       used 41034K, committed 41408K, reserved 1114112K
  class space    used 5252K, committed 5440K, reserved 1048576K
}
Event: 53.029 GC heap before
{Heap before GC invocations=11 (full 1):
 garbage-first heap   total 75776K, used 29050K [0x00000000c0000000, 0x0000000100000000)
  region size 1024K, 1 young (1024K), 0 survivors (0K)
 Metaspace       used 41034K, committed 41408K, reserved 1114112K
  class space    used 5252K, committed 5440K, reserved 1048576K
}
Event: 53.041 GC heap after
{Heap after GC invocations=12 (full 2):
 garbage-first heap   total 75776K, used 29049K [0x00000000c0000000, 0x0000000100000000)
  region size 1024K, 0 young (0K), 0 survivors (0K)
 Metaspace       used 41034K, committed 41408K, reserved 1114112K
  class space    used 5252K, committed 5440K, reserved 1048576K
}
Event: 63.224 GC heap before
{Heap before GC invocations=12 (full 2):
 garbage-first heap   total 75776K, used 29049K [0x00000000c0000000, 0x0000000100000000)
  region size 1024K, 1 young (1024K), 0 survivors (0K)
 Metaspace       used 41034K, committed 41408K, reserved 1114112K
  class space    used 5252K, committed 5440K, reserved 1048576K
}
Event: 63.244 GC heap after
{Heap after GC invocations=13 (full 3):
 garbage-first heap   total 75776K, used 25371K [0x00000000c0000000, 0x0000000100000000)
  region size 1024K, 0 young (0K), 0 survivors (0K)
 Metaspace       used 40882K, committed 41408K, reserved 1114112K
  class space    used 5214K, committed 5440K, reserved 1048576K
}

